<?xml version="1.0" encoding="UTF-8"?>
<!-- Generated by org.testng.reporters.JUnitXMLReporter -->
<testsuite ignored="0" hostname="DESKTOP-1KMDQFU" failures="1" tests="1" name="Test" time="24.253" errors="0" timestamp="2023-09-29T13:25:22 IST">
  <testcase classname="com.Equarz.Testcases.LoginTest" name="validatelogin" time="20.024">
    <failure type="java.lang.AssertionError" message="expected [http://e-quarz.co] but found [http://e-quarz.com/]">
      <![CDATA[java.lang.AssertionError: expected [http://e-quarz.co] but found [http://e-quarz.com/]
at com.Equarz.Testcases.LoginTest.validatelogin(LoginTest.java:46)
at java.base/java.util.ArrayList.forEach(ArrayList.java:1511)
... Removed 33 stack frames]]>
    </failure>
  </testcase> <!-- validatelogin -->
</testsuite> <!-- Test -->
